<?xml version="1.0" encoding="UTF-8"?>
<testng-results skipped="0" failed="0" ignored="0" total="5" passed="5">
  <reporter-output>
  </reporter-output>
  <suite name="Default Suite" duration-ms="39741" started-at="2022-02-05T18:36:17Z" finished-at="2022-02-05T18:36:57Z">
    <groups>
    </groups>
    <test name="LogInTest" duration-ms="5508" started-at="2022-02-05T18:36:17Z" finished-at="2022-02-05T18:36:23Z">
      <class name="LogInTest">
        <test-method status="PASS" signature="setupTest()[pri:0, instance:LogInTest@80503]" name="setupTest" is-config="true" duration-ms="2807" started-at="2022-02-05T18:36:17Z" finished-at="2022-02-05T18:36:20Z">
          <reporter-output>
          </reporter-output>
        </test-method> <!-- setupTest -->
        <test-method status="PASS" signature="honorbuyLogInTest()[pri:0, instance:LogInTest@80503]" name="honorbuyLogInTest" duration-ms="2107" started-at="2022-02-05T18:36:20Z" finished-at="2022-02-05T18:36:22Z">
          <reporter-output>
          </reporter-output>
        </test-method> <!-- honorbuyLogInTest -->
        <test-method status="PASS" signature="teardownTest()[pri:0, instance:LogInTest@80503]" name="teardownTest" is-config="true" duration-ms="592" started-at="2022-02-05T18:36:22Z" finished-at="2022-02-05T18:36:23Z">
          <reporter-output>
          </reporter-output>
        </test-method> <!-- teardownTest -->
      </class> <!-- LogInTest -->
    </test> <!-- LogInTest -->
    <test name="SetBackInStockReminderTest" duration-ms="8050" started-at="2022-02-05T18:36:23Z" finished-at="2022-02-05T18:36:31Z">
      <class name="SetBackInStockReminderTest">
        <test-method status="PASS" signature="setupTest()[pri:0, instance:SetBackInStockReminderTest@6b57696f]" name="setupTest" is-config="true" duration-ms="2202" started-at="2022-02-05T18:36:23Z" finished-at="2022-02-05T18:36:25Z">
          <reporter-output>
          </reporter-output>
        </test-method> <!-- setupTest -->
        <test-method status="PASS" signature="honorbuySetBackInStockReminder()[pri:0, instance:SetBackInStockReminderTest@6b57696f]" name="honorbuySetBackInStockReminder" duration-ms="5236" started-at="2022-02-05T18:36:25Z" finished-at="2022-02-05T18:36:30Z">
          <reporter-output>
          </reporter-output>
        </test-method> <!-- honorbuySetBackInStockReminder -->
        <test-method status="PASS" signature="teardownTest()[pri:0, instance:SetBackInStockReminderTest@6b57696f]" name="teardownTest" is-config="true" duration-ms="611" started-at="2022-02-05T18:36:30Z" finished-at="2022-02-05T18:36:31Z">
          <reporter-output>
          </reporter-output>
        </test-method> <!-- teardownTest -->
      </class> <!-- SetBackInStockReminderTest -->
    </test> <!-- SetBackInStockReminderTest -->
    <test name="AddToCartTest" duration-ms="7310" started-at="2022-02-05T18:36:31Z" finished-at="2022-02-05T18:36:38Z">
      <class name="AddToCartTest">
        <test-method status="PASS" signature="setupTest()[pri:0, instance:AddToCartTest@26a7b76d]" name="setupTest" is-config="true" duration-ms="2255" started-at="2022-02-05T18:36:31Z" finished-at="2022-02-05T18:36:33Z">
          <reporter-output>
          </reporter-output>
        </test-method> <!-- setupTest -->
        <test-method status="PASS" signature="honorbuyLogInTest()[pri:0, instance:AddToCartTest@26a7b76d]" name="honorbuyLogInTest" duration-ms="4452" started-at="2022-02-05T18:36:33Z" finished-at="2022-02-05T18:36:38Z">
          <reporter-output>
          </reporter-output>
        </test-method> <!-- honorbuyLogInTest -->
        <test-method status="PASS" signature="teardownTest()[pri:0, instance:AddToCartTest@26a7b76d]" name="teardownTest" is-config="true" duration-ms="603" started-at="2022-02-05T18:36:38Z" finished-at="2022-02-05T18:36:38Z">
          <reporter-output>
          </reporter-output>
        </test-method> <!-- teardownTest -->
      </class> <!-- AddToCartTest -->
    </test> <!-- AddToCartTest -->
    <test name="EmptyCartTest" duration-ms="8746" started-at="2022-02-05T18:36:38Z" finished-at="2022-02-05T18:36:47Z">
      <class name="EmptyCartTest">
        <test-method status="PASS" signature="setupTest()[pri:0, instance:EmptyCartTest@7113b13f]" name="setupTest" is-config="true" duration-ms="2141" started-at="2022-02-05T18:36:38Z" finished-at="2022-02-05T18:36:40Z">
          <reporter-output>
          </reporter-output>
        </test-method> <!-- setupTest -->
        <test-method status="PASS" signature="honorbuyEmptyCartTest()[pri:0, instance:EmptyCartTest@7113b13f]" name="honorbuyEmptyCartTest" duration-ms="6010" started-at="2022-02-05T18:36:40Z" finished-at="2022-02-05T18:36:46Z">
          <reporter-output>
          </reporter-output>
        </test-method> <!-- honorbuyEmptyCartTest -->
        <test-method status="PASS" signature="teardownTest()[pri:0, instance:EmptyCartTest@7113b13f]" name="teardownTest" is-config="true" duration-ms="595" started-at="2022-02-05T18:36:46Z" finished-at="2022-02-05T18:36:47Z">
          <reporter-output>
          </reporter-output>
        </test-method> <!-- teardownTest -->
      </class> <!-- EmptyCartTest -->
    </test> <!-- EmptyCartTest -->
    <test name="AddToWishListTest" duration-ms="10127" started-at="2022-02-05T18:36:47Z" finished-at="2022-02-05T18:36:57Z">
      <class name="AddToWishListTest">
        <test-method status="PASS" signature="setupTest()[pri:0, instance:AddToWishListTest@25af5db5]" name="setupTest" is-config="true" duration-ms="2260" started-at="2022-02-05T18:36:47Z" finished-at="2022-02-05T18:36:49Z">
          <reporter-output>
          </reporter-output>
        </test-method> <!-- setupTest -->
        <test-method status="PASS" signature="honorbuyAddToWishListTest()[pri:0, instance:AddToWishListTest@25af5db5]" name="honorbuyAddToWishListTest" duration-ms="7260" started-at="2022-02-05T18:36:49Z" finished-at="2022-02-05T18:36:56Z">
          <reporter-output>
          </reporter-output>
        </test-method> <!-- honorbuyAddToWishListTest -->
        <test-method status="PASS" signature="teardownTest()[pri:0, instance:AddToWishListTest@25af5db5]" name="teardownTest" is-config="true" duration-ms="607" started-at="2022-02-05T18:36:56Z" finished-at="2022-02-05T18:36:57Z">
          <reporter-output>
          </reporter-output>
        </test-method> <!-- teardownTest -->
      </class> <!-- AddToWishListTest -->
    </test> <!-- AddToWishListTest -->
  </suite> <!-- Default Suite -->
</testng-results>
